<?xml version="1.0" encoding="UTF-8"?>
<!-- Generated by org.testng.reporters.JUnitXMLReporter -->
<testsuite hostname="LAPTOP-N2AA0IIU" name="Default test(failed)" tests="1" failures="1" timestamp="24 Aug 2023 09:55:04 GMT" time="0.002" errors="0">
  <testcase name="tc2" time="0.0" classname="testpackgroup.A">
    <failure type="java.lang.AssertionError" message="null">
      <![CDATA[java.lang.AssertionError: null
	at testpackgroup.A.tc2(A.java:17)
... Removed 26 stack frames]]>
    </failure>
  </testcase> <!-- tc2 -->
</testsuite> <!-- Default test(failed) -->
