<?xml version="1.0" encoding="UTF-8"?>
<!-- Generated by org.testng.reporters.JUnitXMLReporter -->
<testsuite hostname="LAPTOP-N2AA0IIU" name="Test" tests="17" failures="3" timestamp="24 Aug 2023 10:10:17 GMT" time="0.084" errors="0">
  <testcase name="tc1" time="0.007" classname="testpackgroup.A"/>
  <testcase name="tc2" time="0.005" classname="testpackgroup.A">
    <skipped/>
  </testcase> <!-- tc2 -->
  <testcase name="tc2" time="0.0" classname="testpackgroup.A">
    <skipped/>
  </testcase> <!-- tc2 -->
  <testcase name="tc2" time="0.0" classname="testpackgroup.A">
    <skipped/>
  </testcase> <!-- tc2 -->
  <testcase name="tc2" time="0.0" classname="testpackgroup.A">
    <failure type="java.lang.AssertionError" message="null">
      <![CDATA[java.lang.AssertionError: null
	at testpackgroup.A.tc2(A.java:17)
... Removed 26 stack frames]]>
    </failure>
  </testcase> <!-- tc2 -->
  <testcase name="tc3" time="0.003" classname="testpackgroup.A">
    <skipped/>
  </testcase> <!-- tc3 -->
  <testcase name="tc3" time="0.0" classname="testpackgroup.A">
    <skipped/>
  </testcase> <!-- tc3 -->
  <testcase name="tc3" time="0.004" classname="testpackgroup.A">
    <skipped/>
  </testcase> <!-- tc3 -->
  <testcase name="tc3" time="0.0" classname="testpackgroup.A">
    <failure type="java.lang.AssertionError" message="null">
      <![CDATA[java.lang.AssertionError: null
	at testpackgroup.A.tc3(A.java:23)
... Removed 26 stack frames]]>
    </failure>
  </testcase> <!-- tc3 -->
  <testcase name="tc4" time="0.0" classname="testpackgroup.A"/>
  <testcase name="tc1" time="0.0" classname="testpackgroup.B">
    <skipped/>
  </testcase> <!-- tc1 -->
  <testcase name="tc1" time="0.0" classname="testpackgroup.B">
    <skipped/>
  </testcase> <!-- tc1 -->
  <testcase name="tc1" time="0.002" classname="testpackgroup.B">
    <skipped/>
  </testcase> <!-- tc1 -->
  <testcase name="tc1" time="0.0" classname="testpackgroup.B">
    <failure type="java.lang.AssertionError" message="null">
      <![CDATA[java.lang.AssertionError: null
	at testpackgroup.B.tc1(B.java:11)
... Removed 26 stack frames]]>
    </failure>
  </testcase> <!-- tc1 -->
  <testcase name="tc2" time="0.0" classname="testpackgroup.B"/>
  <testcase name="tc3" time="0.0" classname="testpackgroup.B"/>
  <testcase name="tc4" time="0.007" classname="testpackgroup.B"/>
</testsuite> <!-- Test -->
