<?xml version="1.0" encoding="UTF-8"?>
<!-- Generated by org.testng.reporters.JUnitXMLReporter -->
<testsuite hostname="LAPTOP-N2AA0IIU" name="Testingco" tests="7" failures="0" timestamp="22 Aug 2023 09:24:38 GMT" time="20.735" errors="0">
  <testcase name="seqLogin" time="2.984" classname="testpack.TestRun"/>
  <testcase name="seqLogin" time="5.04" classname="testpack.TestRun"/>
  <testcase name="seqLogin" time="3.082" classname="testpack.TestRun"/>
  <testcase name="seqLogin" time="3.836" classname="testpack.TestRun"/>
  <testcase name="userName" time="1.341" classname="testpack.TestRun"/>
  <testcase name="pass" time="0.083" classname="testpack.TestRun"/>
  <testcase name="lgBtn" time="0.109" classname="testpack.TestRun"/>
</testsuite> <!-- Testingco -->
