<?xml version="1.0" encoding="UTF-8"?>
<!-- Generated by org.testng.reporters.JUnitXMLReporter -->
<testsuite hostname="LAPTOP-N2AA0IIU" name="Testchrome" tests="7" failures="0" timestamp="22 Aug 2023 09:23:52 GMT" time="21.202" errors="0">
  <testcase name="seqLogin" time="3.005" classname="testpack.TestRun"/>
  <testcase name="seqLogin" time="3.084" classname="testpack.TestRun"/>
  <testcase name="seqLogin" time="3.043" classname="testpack.TestRun"/>
  <testcase name="seqLogin" time="4.891" classname="testpack.TestRun"/>
  <testcase name="userName" time="1.118" classname="testpack.TestRun"/>
  <testcase name="pass" time="0.071" classname="testpack.TestRun"/>
  <testcase name="lgBtn" time="0.056" classname="testpack.TestRun"/>
</testsuite> <!-- Testchrome -->
